<?xml version="1.0" encoding="UTF-8"?>
<!-- Generated by org.testng.reporters.JUnitXMLReporter -->
<testsuite ignored="0" hostname="DESKTOP-RBK337N" failures="0" tests="2" name="SwagTest" time="110.957" errors="0" timestamp="2021-06-05T23:03:02 IST">
  <testcase classname="com.testCases.PositiveTestcase" name="@AfterClass afterMethod" time="0.697">
    <failure type="org.openqa.selenium.UnsupportedCommandException" message="The requested resource could not be found, or a request was received using an HTTP method that is not supported by the mapped resource
Build info: version: &amp;apos;3.141.59&amp;apos;, revision: &amp;apos;e82be7d358&amp;apos;, time: &amp;apos;2018-11-14T08:17:03&amp;apos;
System info: host: &amp;apos;DESKTOP-RBK337N&amp;apos;, ip: &amp;apos;192.168.1.68&amp;apos;, os.name: &amp;apos;Windows 10&amp;apos;, os.arch: &amp;apos;amd64&amp;apos;, os.version: &amp;apos;10.0&amp;apos;, java.version: &amp;apos;16.0.1&amp;apos;
Driver info: io.appium.java_client.AppiumDriver
Capabilities {app: G:\Frameworks\ValueLabsAuto..., appActivity: com.swaglabsmobileapp.MainA..., appPackage: com.swaglabsmobileapp, databaseEnabled: false, desired: {app: G:\Frameworks\ValueLabsAuto..., appActivity: com.swaglabsmobileapp.MainA..., appPackage: com.swaglabsmobileapp, deviceName: Honor 9 Lite, platformName: android, platformVersion: 9, udid: S6L3Y18622006181}, deviceApiLevel: 28, deviceManufacturer: HUAWEI, deviceModel: LLD-AL10, deviceName: S6L3Y18622006181, deviceScreenDensity: 408, deviceScreenSize: 1080x2160, deviceUDID: S6L3Y18622006181, javascriptEnabled: true, locationContextEnabled: false, networkConnectionEnabled: true, pixelRatio: 2.55, platform: LINUX, platformName: ANDROID, platformVersion: 9, statBarHeight: 72, takesScreenshot: true, udid: S6L3Y18622006181, viewportRect: {height: 1960, left: 0, top: 72, width: 1080}, warnings: {}, webStorageEnabled: false}
Session ID: ce1d47da-2c29-4f4a-b66f-320c2fddd7a2">
      <![CDATA[org.openqa.selenium.UnsupportedCommandException: The requested resource could not be found, or a request was received using an HTTP method that is not supported by the mapped resource
Build info: version: '3.141.59', revision: 'e82be7d358', time: '2018-11-14T08:17:03'
System info: host: 'DESKTOP-RBK337N', ip: '192.168.1.68', os.name: 'Windows 10', os.arch: 'amd64', os.version: '10.0', java.version: '16.0.1'
Driver info: io.appium.java_client.AppiumDriver
Capabilities {app: G:\Frameworks\ValueLabsAuto..., appActivity: com.swaglabsmobileapp.MainA..., appPackage: com.swaglabsmobileapp, databaseEnabled: false, desired: {app: G:\Frameworks\ValueLabsAuto..., appActivity: com.swaglabsmobileapp.MainA..., appPackage: com.swaglabsmobileapp, deviceName: Honor 9 Lite, platformName: android, platformVersion: 9, udid: S6L3Y18622006181}, deviceApiLevel: 28, deviceManufacturer: HUAWEI, deviceModel: LLD-AL10, deviceName: S6L3Y18622006181, deviceScreenDensity: 408, deviceScreenSize: 1080x2160, deviceUDID: S6L3Y18622006181, javascriptEnabled: true, locationContextEnabled: false, networkConnectionEnabled: true, pixelRatio: 2.55, platform: LINUX, platformName: ANDROID, platformVersion: 9, statBarHeight: 72, takesScreenshot: true, udid: S6L3Y18622006181, viewportRect: {height: 1960, left: 0, top: 72, width: 1080}, warnings: {}, webStorageEnabled: false}
Session ID: ce1d47da-2c29-4f4a-b66f-320c2fddd7a2
at org.openqa.selenium.remote.http.W3CHttpResponseCodec.createException(W3CHttpResponseCodec.java:187)
at org.openqa.selenium.remote.http.W3CHttpResponseCodec.decode(W3CHttpResponseCodec.java:122)
at org.openqa.selenium.remote.http.W3CHttpResponseCodec.decode(W3CHttpResponseCodec.java:49)
at org.openqa.selenium.remote.HttpCommandExecutor.execute(HttpCommandExecutor.java:158)
at io.appium.java_client.remote.AppiumCommandExecutor.execute(AppiumCommandExecutor.java:247)
at org.openqa.selenium.remote.RemoteWebDriver.execute(RemoteWebDriver.java:552)
at io.appium.java_client.DefaultGenericMobileDriver.execute(DefaultGenericMobileDriver.java:45)
at io.appium.java_client.AppiumDriver.execute(AppiumDriver.java:1)
at org.openqa.selenium.remote.RemoteWebDriver.close(RemoteWebDriver.java:442)
at com.base.BaseClass.TestAfterMethod(BaseClass.java:118)
at com.testCases.PositiveTestcase.afterMethod(PositiveTestcase.java:35)
at java.base/java.util.ArrayList.forEach(ArrayList.java:1511)
... Removed 30 stack frames]]>
    </failure>
  </testcase> <!-- @AfterClass afterMethod -->
  <testcase classname="com.testCases.NegativeTestcase" name="@AfterClass afterMethod" time="0.259">
    <failure type="org.openqa.selenium.UnsupportedCommandException" message="The requested resource could not be found, or a request was received using an HTTP method that is not supported by the mapped resource
Build info: version: &amp;apos;3.141.59&amp;apos;, revision: &amp;apos;e82be7d358&amp;apos;, time: &amp;apos;2018-11-14T08:17:03&amp;apos;
System info: host: &amp;apos;DESKTOP-RBK337N&amp;apos;, ip: &amp;apos;192.168.1.68&amp;apos;, os.name: &amp;apos;Windows 10&amp;apos;, os.arch: &amp;apos;amd64&amp;apos;, os.version: &amp;apos;10.0&amp;apos;, java.version: &amp;apos;16.0.1&amp;apos;
Driver info: io.appium.java_client.AppiumDriver
Capabilities {app: G:\Frameworks\ValueLabsAuto..., appActivity: com.swaglabsmobileapp.MainA..., appPackage: com.swaglabsmobileapp, databaseEnabled: false, desired: {app: G:\Frameworks\ValueLabsAuto..., appActivity: com.swaglabsmobileapp.MainA..., appPackage: com.swaglabsmobileapp, deviceName: Honor 9 Lite, platformName: android, platformVersion: 9, udid: S6L3Y18622006181}, deviceApiLevel: 28, deviceManufacturer: HUAWEI, deviceModel: LLD-AL10, deviceName: S6L3Y18622006181, deviceScreenDensity: 408, deviceScreenSize: 1080x2160, deviceUDID: S6L3Y18622006181, javascriptEnabled: true, locationContextEnabled: false, networkConnectionEnabled: true, pixelRatio: 2.55, platform: LINUX, platformName: ANDROID, platformVersion: 9, statBarHeight: 72, takesScreenshot: true, udid: S6L3Y18622006181, viewportRect: {height: 1960, left: 0, top: 72, width: 1080}, warnings: {}, webStorageEnabled: false}
Session ID: 93304eec-7b19-4817-bd11-36c16c313a3f">
      <![CDATA[org.openqa.selenium.UnsupportedCommandException: The requested resource could not be found, or a request was received using an HTTP method that is not supported by the mapped resource
Build info: version: '3.141.59', revision: 'e82be7d358', time: '2018-11-14T08:17:03'
System info: host: 'DESKTOP-RBK337N', ip: '192.168.1.68', os.name: 'Windows 10', os.arch: 'amd64', os.version: '10.0', java.version: '16.0.1'
Driver info: io.appium.java_client.AppiumDriver
Capabilities {app: G:\Frameworks\ValueLabsAuto..., appActivity: com.swaglabsmobileapp.MainA..., appPackage: com.swaglabsmobileapp, databaseEnabled: false, desired: {app: G:\Frameworks\ValueLabsAuto..., appActivity: com.swaglabsmobileapp.MainA..., appPackage: com.swaglabsmobileapp, deviceName: Honor 9 Lite, platformName: android, platformVersion: 9, udid: S6L3Y18622006181}, deviceApiLevel: 28, deviceManufacturer: HUAWEI, deviceModel: LLD-AL10, deviceName: S6L3Y18622006181, deviceScreenDensity: 408, deviceScreenSize: 1080x2160, deviceUDID: S6L3Y18622006181, javascriptEnabled: true, locationContextEnabled: false, networkConnectionEnabled: true, pixelRatio: 2.55, platform: LINUX, platformName: ANDROID, platformVersion: 9, statBarHeight: 72, takesScreenshot: true, udid: S6L3Y18622006181, viewportRect: {height: 1960, left: 0, top: 72, width: 1080}, warnings: {}, webStorageEnabled: false}
Session ID: 93304eec-7b19-4817-bd11-36c16c313a3f
at org.openqa.selenium.remote.http.W3CHttpResponseCodec.createException(W3CHttpResponseCodec.java:187)
at org.openqa.selenium.remote.http.W3CHttpResponseCodec.decode(W3CHttpResponseCodec.java:122)
at org.openqa.selenium.remote.http.W3CHttpResponseCodec.decode(W3CHttpResponseCodec.java:49)
at org.openqa.selenium.remote.HttpCommandExecutor.execute(HttpCommandExecutor.java:158)
at io.appium.java_client.remote.AppiumCommandExecutor.execute(AppiumCommandExecutor.java:247)
at org.openqa.selenium.remote.RemoteWebDriver.execute(RemoteWebDriver.java:552)
at io.appium.java_client.DefaultGenericMobileDriver.execute(DefaultGenericMobileDriver.java:45)
at io.appium.java_client.AppiumDriver.execute(AppiumDriver.java:1)
at org.openqa.selenium.remote.RemoteWebDriver.close(RemoteWebDriver.java:442)
at com.base.BaseClass.TestAfterMethod(BaseClass.java:118)
at com.testCases.NegativeTestcase.afterMethod(NegativeTestcase.java:34)
at java.base/java.util.ArrayList.forEach(ArrayList.java:1511)
... Removed 30 stack frames]]>
    </failure>
  </testcase> <!-- @AfterClass afterMethod -->
  <testcase classname="com.testCases.PositiveTestcase" name="SwagLabsPositiveScenario" time="48.971"/>
  <testcase classname="com.testCases.NegativeTestcase" name="SwagLabsNegativeScenario" time="18.712"/>
</testsuite> <!-- SwagTest -->
